[07/19/2022 08:19:34] Debug: Session id: 85100672-f8e2-46f8-a860-96f277703459
[07/19/2022 08:19:34] Debug: Code Processor information: Name :SnowConvert, Version: 7.9.154.0
[07/19/2022 08:19:35] Debug: Getting license
[07/19/2022 08:19:35] Debug: License information
	Status: Failed
	Message: No active license available.
[07/19/2022 08:19:35] Info: Starting to validate parameters
[07/19/2022 08:19:35] Info: Parameters to validate: 
	Execution mode: Conversion
[07/19/2022 08:19:35] Info: Validation of parameters: Success
[07/19/2022 08:19:35] Debug: Getting code descriptor
[07/19/2022 08:19:35] Debug: Code descriptor information
	Units: 51
	Units type: LOC
	All file bytes: 2141
	All found extensions: .sql,.dml,.ddl,.bteq,.btq,.fl,.fload,.ml,.mload,.mld,.tp,.tpump,.tpt
[07/19/2022 08:19:35] Debug: Calculating fingerprint
[07/19/2022 08:19:35] Debug: Fingerprint information Fingerprint(size=2141,projects=1)
[07/19/2022 08:19:35] Info: Starting to try to validate online license for execution
[07/19/2022 08:19:37] Debug: Getting license
[07/19/2022 08:19:37] Debug: License information
	Status: Failed
	Message: No active license available.
[07/19/2022 08:19:37] Debug: Starting the execution of the controller
[07/19/2022 08:19:37] Debug: Executing the worker: SnowConvert
[07/19/2022 08:19:52] Debug: Finished executing the worker: SnowConvert
[07/19/2022 08:19:54] Info: Controller execution ended
